<?xml version="1.0" encoding="UTF-8"?>
<!-- Generated by org.testng.reporters.JUnitReportReporter -->
<testsuite hostname="DESKTOP-063AJHD" failures="0" tests="6" name="HurTest" time="0.006" errors="0" timestamp="2023-06-02T15:11:39 CEST" skipped="0">
  <testcase classname="HurTest" name="testCalcAreaBadInput3" time="0.000"/>
  <testcase classname="HurTest" name="testCalcAreaSecound" time="0.001"/>
  <testcase classname="HurTest" name="testCalcAreaFirst" time="0.000"/>
  <testcase classname="HurTest" name="testCalcAreaBadInput2" time="0.000"/>
  <testcase classname="HurTest" name="testCalcAreaBadInput1" time="0.000"/>
  <testcase classname="HurTest" name="testCalcAreaBadInput" time="0.005"/>
</testsuite> <!-- HurTest -->
